<?xml version="1.0" encoding="UTF-8"?>
<!-- Generated by org.testng.reporters.JUnitReportReporter -->
<testsuite hostname="RMBA1.local" failures="0" tests="2" name="com.rankinggame.testcases.HomePageTest" time="4.024" errors="0" timestamp="2025-04-01T16:09:34 PDT" skipped="0">
  <testcase classname="com.rankinggame.testcases.HomePageTest" name="testHomePageLoads" time="1.914"/>
  <testcase classname="com.rankinggame.testcases.HomePageTest" name="testInputFieldIsVisibleAndInteractable" time="2.110"/>
</testsuite> <!-- com.rankinggame.testcases.HomePageTest -->
